Retinal RNA cell annotations: 107052 cells
  Columns: ['barcode', 'sample', 'age', 'Size_Factor', 'num_genes_expressed', 'Total_mRNAs', 'umap_cluster', 'umap_coord1', 'umap_coord2', 'umap_coord3', 'used_for_pseudotime', 'pattern_match', 'Patt.1', 'Patt.2', 'Patt.3', 'Patt.4', 'Patt.5', 'Patt.6', 'Patt.7', 'Patt.8', 'Patt.9', 'Patt.10', 'Patt.11', 'Patt.12', 'Patt.13', 'Patt.14', 'Patt.15', 'Patt.16', 'Patt.17', 'Patt.18', 'Patt.19', 'Patt.20', 'Patt.21', 'Patt.22', 'Patt.23', 'Patt.24', 'Patt.25', 'Patt.26', 'Patt.27', 'Patt.28', 'Patt.29', 'Patt.30', 'Patt.31', 'Patt.32', 'Patt.33', 'Patt.34', 'Patt.35', 'Patt.36', 'Patt.37', 'Patt.38', 'Patt.39', 'Patt.40', 'Patt.41', 'Patt.42', 'Patt.43', 'Patt.44', 'Patt.45', 'Patt.46', 'Patt.47', 'Patt.48', 'Patt.49', 'Patt.50', 'Patt.51', 'Patt.52', 'Patt.53', 'Patt.54', 'Patt.55', 'Patt.56', 'Patt.57', 'Patt.58', 'Patt.59', 'Patt.60', 'Patt.61', 'Patt.62', 'Patt.63', 'Patt.64', 'Patt.65', 'Patt.66', 'Patt.67', 'Patt.68', 'Patt.69', 'Patt.70', 'Patt.71', 'Patt.72', 'Patt.73', 'Patt.74', 'Patt.75', 'Patt.76', 'Patt.77', 'Patt.78', 'Patt.79', 'Patt.80', 'umap2_CellType', 'old_CellType_annot']
Retinal RNA feature annotations: 27998 genes
Loading RNA count matrix (this may take a while)...
  Raw shape: (27998, 107052)
  Transposed to cells × genes: (107052, 27998)
/opt/app/.pixi/envs/default/lib/python3.11/site-packages/anndata/_core/anndata.py:1758: UserWarning: Variable names are not unique. To make them unique, call `.var_names_make_unique`.
  utils.warn_names_duplicates("var")
  AnnData shape: (107052, 27998)
  Cell types: 11 unique, top 5: {'Early RPCs': 27856, 'Late RPCs': 24440, 'Rods': 14481, 'Neurogenic Cells': 9084, 'Amacrine Cells': 7437}
  Filtered to 9 timepoints: 107052 → 99372 cells
  Available cell types (11): ['Amacrine Cells', 'Bipolar Cells', 'Cones', 'Early RPCs', 'Horizontal Cells', 'Late RPCs', 'Muller Glia', 'Neurogenic Cells', 'Photoreceptor Precursors', 'Retinal Ganglion Cells', 'Rods']
  Pre-filtered to ['Early RPCs', 'Late RPCs', 'Muller Glia', 'Neurogenic Cells']: 99372 → 62551 cells
Retinal ATAC cell annotations: 94318 cells
  Columns: ['cell_id', 'celltypes', 'UMAP_1', 'UMAP_2', 'UMAP_3', 'realtime']
Retinal ATAC peak annotations: 283846 peaks
Loading ATAC count matrix (this may take a while)...
  Raw shape: (283847, 94318) (peaks × cells)
  AnnData shape: (94318, 283847)
  Filtered to 9 timepoints: 94318 → 73585 cells
  Filtered to ['RPC1', 'RPC2', 'RPC3', 'MG']: 73585 → 30441 cells
  retinal_atac RPC1: 6736 (expected 6049) [MISMATCH]
  retinal_atac RPC2: 10966 (expected 10464) [MISMATCH]
  retinal_atac RPC3: 11966 (expected 11912) [MISMATCH]
  retinal_atac MG: 773 (expected 768) [MISMATCH]
  retinal_atac: cell counts do not match paper exactly. This may be due to annotation or timepoint differences.
  retinal_atac RPC1: 6736 (expected 6049) [MISMATCH]
  retinal_atac RPC2: 10966 (expected 10464) [MISMATCH]
  retinal_atac RPC3: 11966 (expected 11912) [MISMATCH]
  retinal_atac MG: 773 (expected 768) [MISMATCH]
  retinal_atac: cell counts do not match paper exactly. This may be due to annotation or timepoint differences.
... storing 'cell_type' as categorical
... storing 'timepoint' as categorical
  Saved retinal_rna.h5ad: (62551, 27998) (Clark labels, pre-integration)
... storing 'cell_type_original' as categorical
... storing 'timepoint' as categorical
... storing 'cell_type' as categorical
  Saved retinal_atac.h5ad: (30441, 283847)
Loading PBMC from pbmc_unsorted_10k_filtered_feature_bc_matrix.h5...
/opt/app/.pixi/envs/default/lib/python3.11/site-packages/anndata/_core/anndata.py:1758: UserWarning: Variable names are not unique. To make them unique, call `.var_names_make_unique`.
  utils.warn_names_duplicates("var")
  Full matrix: 12012 cells × 148458 features
  RNA:  (12012, 36601)
  ATAC: (12012, 111857)
  ATAC filtered to chr-prefixed peaks: 111857 → 111792
  Running CellTypist with model 'Immune_All_Low.pkl'...
  Loading model from data/reference/Immune_All_Low.pkl
🔬 Input data has 12012 cells and 36601 genes
🔗 Matching reference genes in the model
🧬 6147 features used for prediction
⚖️ Scaling input data
🖋️ Predicting labels
✅ Prediction done!
👀 Can not detect a neighborhood graph, will construct one before the over-clustering
⛓️ Over-clustering input data with resolution set to 10
🗳️ Majority voting the predictions
✅ Majority voting done!
  CellTypist types: 17 unique
  Counts:
cell_type_celltypist
Classical monocytes            4291
Tcm/Naive helper T cells       3032
Tcm/Naive cytotoxic T cells     855
Naive B cells                   624
Non-classical monocytes         540
Tem/Temra cytotoxic T cells     522
Memory B cells                  482
CD16+ NK cells                  476
Tem/Effector helper T cells     311
DC2                             167
Regulatory T cells              158
Tem/Trm cytotoxic T cells       146
pDC                             133
Age-associated B cells          116
MAIT cells                      105
Plasma cells                     37
Megakaryocyte precursor          17
  Mapped 10001/12012 cells to ScReNI types
  Applying QC filter to PBMC...
  QC filter: 12012 → 9368 cells (2644 removed)
  Generating PBMC diagnostic plots...
... storing 'cell_type' as categorical
... storing 'feature_types' as categorical
... storing 'genome' as categorical
... storing 'interval' as categorical
  Saved output/data_inspection/pbmc_qc_violin.png
WARNING: adata.X seems to be already log-transformed.
  ATAC UMAP failed: lsi() got an unexpected keyword argument 'n_components'
  Saved output/data_inspection/pbmc_celltypes_umap.png
... storing 'feature_types' as categorical
... storing 'genome' as categorical
  Saved pbmc_rna_all.h5ad: (9368, 36601) (all types, incl. unmapped)
  PBMC after mapping to ScReNI types: 7742 cells (1626 unmapped dropped)
  pbmc CD14 monocyte: 3316 (expected 2812) [MISMATCH]
  pbmc CD16 monocyte: 349 (expected 514) [MISMATCH]
  pbmc CD4 naive cell: 2452 (expected 1419) [MISMATCH]
  pbmc CD8 naive cell: 699 (expected 1410) [MISMATCH]
  pbmc cDC: 74 (expected 198) [MISMATCH]
  pbmc Memory B cell: 308 (expected 371) [MISMATCH]
  pbmc NK: 407 (expected 468) [MISMATCH]
  pbmc Treg: 137 (expected 162) [MISMATCH]
  pbmc: cell counts do not match paper exactly. This may be due to annotation or timepoint differences.
  Saved pbmc_rna.h5ad: (7742, 36601) (8 ScReNI types only)
  Saved pbmc_atac.h5ad: (7742, 111792)
